<?xml version="1.0" encoding="UTF-8"?>
<!-- Generated by org.testng.reporters.JUnitReportReporter -->
<testsuite skipped="0" hostname="DESKTOP-44C8QOI" name="HRM.PageTests.LoginPageTest" tests="1" failures="0" timestamp="29 Nov 2020 17:21:23 GMT" time="19.370" errors="0">
  <testcase name="loginTest" time="19.370" classname="HRM.PageTests.LoginPageTest"/>
</testsuite> <!-- HRM.PageTests.LoginPageTest -->
