<?xml version="1.0" encoding="UTF-8"?>
<!-- Generated by org.testng.reporters.JUnitReportReporter -->
<testsuite skipped="0" hostname="DESKTOP-44C8QOI" name="HRM.PageTests.PIMAddEmployee" tests="3" failures="0" timestamp="30 Nov 2020 06:34:47 GMT" time="57.414" errors="0">
  <testcase name="addEmployee" time="17.955" classname="HRM.PageTests.PIMAddEmployee"/>
  <testcase name="addEmployee" time="22.156" classname="HRM.PageTests.PIMAddEmployee"/>
  <testcase name="addEmployee" time="17.303" classname="HRM.PageTests.PIMAddEmployee"/>
</testsuite> <!-- HRM.PageTests.PIMAddEmployee -->
